\BOOKMARK [1][-]{section.1}{Introduction}{}% 1
\BOOKMARK [1][-]{section.2}{Background}{}% 2
\BOOKMARK [2][-]{subsection.2.1}{Matheuristics and solution merging techniques}{section.2}% 3
\BOOKMARK [2][-]{subsection.2.2}{Open-pit mining problems}{section.2}% 4
\BOOKMARK [2][-]{subsection.2.3}{Steiner tree problem in graphs \(STPG\)}{section.2}% 5
\BOOKMARK [1][-]{section.3}{Merge Search}{}% 6
\BOOKMARK [2][-]{subsection.3.1}{Description}{section.3}% 7
\BOOKMARK [2][-]{subsection.3.2}{Properties of Merge Search}{section.3}% 8
\BOOKMARK [2][-]{subsection.3.3}{Comparison with CMSA}{section.3}% 9
\BOOKMARK [1][-]{section.4}{Merge Search in Practice}{}% 10
\BOOKMARK [2][-]{subsection.4.1}{The CPIT problem}{section.4}% 11
\BOOKMARK [2][-]{subsection.4.2}{The Steiner tree problem in graphs}{section.4}% 12
\BOOKMARK [1][-]{section.5}{Experiments}{}% 13
\BOOKMARK [2][-]{subsection.5.1}{Datasets}{section.5}% 14
\BOOKMARK [2][-]{subsection.5.2}{Pre-processing}{section.5}% 15
\BOOKMARK [2][-]{subsection.5.3}{Experimental setup}{section.5}% 16
\BOOKMARK [1][-]{section.6}{Results and discussion}{}% 17
\BOOKMARK [2][-]{subsection.6.1}{The CPIT problem}{section.6}% 18
\BOOKMARK [2][-]{subsection.6.2}{The Steiner tree problem in graphs}{section.6}% 19
\BOOKMARK [1][-]{section.7}{Conclusion and future work}{}% 20
\BOOKMARK [1][-]{appendix.A}{CPIT Formulations}{}% 21
\BOOKMARK [1][-]{appendix.B}{STPG Formulations}{}% 22
\BOOKMARK [1][-]{appendix.C}{steinlib Datasets}{}% 23
\BOOKMARK [1][-]{appendix.D}{STPG results}{}% 24
